<?xml version="1.0" encoding="UTF-8"?>
<!-- Generated by org.testng.reporters.JUnitXMLReporter -->
<testsuite ignored="5" hostname="Mukeshs-MacBook-Air-2.local" failures="0" tests="6" name="Smoke(failed)" time="11.69" errors="0" timestamp="2022-11-22T16:56:27 IST">
  <testcase classname="day3.SmokeTest" name="verifySocialMediaCount" time="0.199"/>
  <testcase classname="day3.MyFirstTestNGTest3" name="login" time="0.003"/>
  <testcase classname="day3.MyFirstTestNGTest3" name="logOutFromApplication" time="0.001"/>
  <testcase classname="day3.AssertionDemo" name="test3" time="0.001"/>
  <testcase classname="day3.AssertionDemo" name="test2" time="0.002"/>
  <testcase classname="day3.AssertionDemo" name="test1" time="0.002"/>
  <testcase classname="day3.AssertionDemo" name="test5" time="0.0">
    <ignored/>
  </testcase> <!-- test5 -->
  <testcase classname="day3.SmokeTest" name="verifyURL" time="0.0">
    <ignored/>
  </testcase> <!-- verifyURL -->
  <testcase classname="day3.SmokeTest" name="verifyForgotPasswordLink" time="0.0">
    <ignored/>
  </testcase> <!-- verifyForgotPasswordLink -->
  <testcase classname="day3.AssertionDemo" name="test4" time="0.0">
    <ignored/>
  </testcase> <!-- test4 -->
  <testcase classname="day3.SmokeTest" name="verifyTitle" time="0.0">
    <ignored/>
  </testcase> <!-- verifyTitle -->
</testsuite> <!-- Smoke(failed) -->
