<?xml version="1.0" encoding="UTF-8"?>
<!-- Generated by org.testng.reporters.JUnitXMLReporter -->
<testsuite ignored="1" hostname="Mukeshs-MacBook-Air-2.local" failures="0" tests="31" name="Smoke" time="45.53" errors="0" timestamp="2022-11-22T17:04:17 IST">
  <testcase classname="day3.MyFirstTestNGTest2" name="createAccount" time="0.02"/>
  <testcase classname="day3.MyFirstTestNGTest3" name="login" time="0.028"/>
  <testcase classname="day3.MyFirstTestNGTest2" name="deleteAccount" time="0.007"/>
  <testcase classname="day3.MyFirstTestNGTest3" name="logOutFromApplication" time="0.004"/>
  <testcase classname="day3.MyFirstTestNGTest2" name="logOutFromApplication" time="0.005"/>
  <testcase classname="day3.AssertionDemo" name="test1" time="0.011"/>
  <testcase classname="day3.MyFirstTestNGTest2" name="login" time="0.011"/>
  <testcase classname="day3.AssertionDemo" name="test2" time="0.003"/>
  <testcase classname="day3.MyFirstTestNGTest" name="test1" time="0.002"/>
  <testcase classname="day3.MyFirstTestNGTest" name="test2" time="0.004"/>
  <testcase classname="day3.AssertionDemo" name="test3" time="0.011"/>
  <testcase classname="day3.AssertionDemo" name="test4" time="0.003"/>
  <testcase classname="day3.MyFirstTestNGTest" name="test3" time="0.003"/>
  <testcase classname="day3.AssertionDemo" name="test5" time="0.002"/>
  <testcase classname="day3.SameTestMultipleTimes" name="createUser" time="0.417"/>
  <testcase classname="day3.SameTestMultipleTimes" name="createUser" time="0.075"/>
  <testcase classname="day3.SameTestMultipleTimes" name="createUser" time="0.079"/>
  <testcase classname="day3.SameTestMultipleTimes" name="createUser" time="0.052"/>
  <testcase classname="day3.SameTestMultipleTimes" name="createUser" time="0.043"/>
  <testcase classname="day3.SameTestMultipleTimes" name="createUser" time="0.054"/>
  <testcase classname="day3.SameTestMultipleTimes" name="createUser" time="0.037"/>
  <testcase classname="day3.SameTestMultipleTimes" name="createUser" time="0.022"/>
  <testcase classname="day3.SameTestMultipleTimes" name="createUser" time="0.04"/>
  <testcase classname="day3.SameTestMultipleTimes" name="createUser" time="0.045"/>
  <testcase classname="day3.AdditionalAttributes" name="verifyForgotPasswordLink" time="0.37"/>
  <testcase classname="day3.SmokeTest" name="verifyForgotPasswordLink" time="0.183"/>
  <testcase classname="day3.AdditionalAttributes" name="verifyTitle" time="0.056"/>
  <testcase classname="day3.SmokeTest" name="verifySocialMediaCount" time="0.303"/>
  <testcase classname="day3.AdditionalAttributes" name="verifyURL" time="0.065"/>
  <testcase classname="day3.SmokeTest" name="verifyTitle" time="0.031"/>
  <testcase classname="day3.SmokeTest" name="verifyURL" time="0.038"/>
  <testcase classname="day3.AdditionalAttributes" name="verifySocialMediaCount" time="0.0">
    <ignored/>
  </testcase> <!-- verifySocialMediaCount -->
</testsuite> <!-- Smoke -->
