<?xml version="1.0" encoding="UTF-8"?>
<!-- Generated by org.testng.reporters.JUnitXMLReporter -->
<testsuite ignored="1" hostname="WKWZTfZlPaWinwH" failures="0" tests="12" name="E2E" time="26.524" errors="0" timestamp="2022-11-23T16:17:53 IST">
  <testcase classname="day3.AssertionDemo" name="test1" time="0.0"/>
  <testcase classname="day3.AssertionDemo" name="test2" time="0.0"/>
  <testcase classname="day3.AssertionDemo" name="test3" time="0.0"/>
  <testcase classname="day3.AssertionDemo" name="test4" time="0.0"/>
  <testcase classname="day3.AssertionDemo" name="test5" time="0.0"/>
  <testcase classname="day3.SmokeTest" name="verifyForgotPasswordLink" time="0.04"/>
  <testcase classname="day3.SmokeTest" name="verifySocialMediaCount" time="0.029"/>
  <testcase classname="day3.SmokeTest" name="verifyTitle" time="0.0"/>
  <testcase classname="day3.SmokeTest" name="verifyURL" time="0.008"/>
  <testcase classname="day3.AdditionalAttributes" name="verifyForgotPasswordLink" time="0.03"/>
  <testcase classname="day3.AdditionalAttributes" name="verifyTitle" time="0.008"/>
  <testcase classname="day3.AdditionalAttributes" name="verifyURL" time="0.007"/>
  <testcase classname="day3.AdditionalAttributes" name="verifySocialMediaCount" time="0.0">
    <ignored/>
  </testcase> <!-- verifySocialMediaCount -->
</testsuite> <!-- E2E -->
