<?xml version="1.0" encoding="UTF-8"?>
<!-- Generated by org.testng.reporters.JUnitXMLReporter -->
<testsuite ignored="0" hostname="WKWZTfZlPaWinwH" failures="0" tests="10" name="Regression" time="0.402" errors="0" timestamp="2022-11-23T16:17:27 IST">
  <testcase classname="day3.SameTestMultipleTimes" name="createUser" time="0.155"/>
  <testcase classname="day3.SameTestMultipleTimes" name="createUser" time="0.033"/>
  <testcase classname="day3.SameTestMultipleTimes" name="createUser" time="0.006"/>
  <testcase classname="day3.SameTestMultipleTimes" name="createUser" time="0.032"/>
  <testcase classname="day3.SameTestMultipleTimes" name="createUser" time="0.015"/>
  <testcase classname="day3.SameTestMultipleTimes" name="createUser" time="0.028"/>
  <testcase classname="day3.SameTestMultipleTimes" name="createUser" time="0.024"/>
  <testcase classname="day3.SameTestMultipleTimes" name="createUser" time="0.016"/>
  <testcase classname="day3.SameTestMultipleTimes" name="createUser" time="0.016"/>
  <testcase classname="day3.SameTestMultipleTimes" name="createUser" time="0.015"/>
</testsuite> <!-- Regression -->
