<?xml version="1.0" encoding="UTF-8"?>
<!-- Generated by org.testng.reporters.JUnitXMLReporter -->
<testsuite ignored="0" hostname="WKWZTfZlPaWinwH" failures="0" tests="9" name="Smoke" time="0.075" errors="0" timestamp="2022-11-23T16:17:27 IST">
  <testcase classname="day3.MyFirstTestNGTest2" name="createAccount" time="0.0"/>
  <testcase classname="day3.MyFirstTestNGTest2" name="deleteAccount" time="0.0"/>
  <testcase classname="day3.MyFirstTestNGTest3" name="login" time="0.0"/>
  <testcase classname="day3.MyFirstTestNGTest3" name="logOutFromApplication" time="0.0"/>
  <testcase classname="day3.MyFirstTestNGTest" name="test1" time="0.0"/>
  <testcase classname="day3.MyFirstTestNGTest" name="test2" time="0.0"/>
  <testcase classname="day3.MyFirstTestNGTest" name="test3" time="0.0"/>
  <testcase classname="day3.MyFirstTestNGTest2" name="logOutFromApplication" time="0.006"/>
  <testcase classname="day3.MyFirstTestNGTest2" name="login" time="0.0"/>
</testsuite> <!-- Smoke -->
