<?xml version="1.0" encoding="UTF-8"?>
<testng-results ignored="1" total="32" passed="31" failed="0" skipped="0">
  <reporter-output>
    <line>
      <![CDATA[Login Done]]>
    </line>
  </reporter-output>
  <suite started-at="2022-11-23T16:17:26 IST" name="Sprint Test" finished-at="2022-11-23T16:17:53 IST" duration-ms="26524">
    <groups>
    </groups>
    <test started-at="2022-11-23T16:17:26 IST" name="Smoke" finished-at="2022-11-23T16:17:26 IST" duration-ms="75">
      <class name="day3.MyFirstTestNGTest">
        <test-method signature="test1()[pri:0, instance:day3.MyFirstTestNGTest@37654521]" started-at="2022-11-23T16:17:26 IST" name="test1" finished-at="2022-11-23T16:17:26 IST" duration-ms="0" status="PASS">
          <reporter-output>
          </reporter-output>
        </test-method> <!-- test1 -->
        <test-method signature="test3()[pri:0, instance:day3.MyFirstTestNGTest@37654521]" started-at="2022-11-23T16:17:26 IST" name="test3" finished-at="2022-11-23T16:17:26 IST" duration-ms="0" status="PASS">
          <reporter-output>
          </reporter-output>
        </test-method> <!-- test3 -->
        <test-method signature="test2()[pri:0, instance:day3.MyFirstTestNGTest@37654521]" started-at="2022-11-23T16:17:26 IST" name="test2" finished-at="2022-11-23T16:17:26 IST" duration-ms="0" status="PASS">
          <reporter-output>
          </reporter-output>
        </test-method> <!-- test2 -->
      </class> <!-- day3.MyFirstTestNGTest -->
      <class name="day3.MyFirstTestNGTest3">
        <test-method signature="login()[pri:0, instance:day3.MyFirstTestNGTest3@7e5afaa6]" started-at="2022-11-23T16:17:26 IST" name="login" finished-at="2022-11-23T16:17:26 IST" duration-ms="0" status="PASS">
          <reporter-output>
            <line>
              <![CDATA[Login Done]]>
            </line>
          </reporter-output>
        </test-method> <!-- login -->
        <test-method signature="logOutFromApplication()[pri:0, instance:day3.MyFirstTestNGTest3@7e5afaa6]" started-at="2022-11-23T16:17:26 IST" name="logOutFromApplication" finished-at="2022-11-23T16:17:26 IST" depends-on-methods="day3.MyFirstTestNGTest3.login" duration-ms="0" status="PASS">
          <reporter-output>
          </reporter-output>
        </test-method> <!-- logOutFromApplication -->
      </class> <!-- day3.MyFirstTestNGTest3 -->
      <class name="day3.MyFirstTestNGTest2">
        <test-method signature="deleteAccount()[pri:0, instance:day3.MyFirstTestNGTest2@1b1426f4]" started-at="2022-11-23T16:17:26 IST" name="deleteAccount" finished-at="2022-11-23T16:17:26 IST" duration-ms="0" status="PASS">
          <reporter-output>
          </reporter-output>
        </test-method> <!-- deleteAccount -->
        <test-method signature="createAccount()[pri:0, instance:day3.MyFirstTestNGTest2@1b1426f4]" started-at="2022-11-23T16:17:26 IST" name="createAccount" finished-at="2022-11-23T16:17:26 IST" duration-ms="0" status="PASS">
          <reporter-output>
          </reporter-output>
        </test-method> <!-- createAccount -->
        <test-method signature="logOutFromApplication()[pri:1, instance:day3.MyFirstTestNGTest2@1b1426f4]" started-at="2022-11-23T16:17:26 IST" name="logOutFromApplication" finished-at="2022-11-23T16:17:26 IST" duration-ms="6" status="PASS">
          <reporter-output>
          </reporter-output>
        </test-method> <!-- logOutFromApplication -->
        <test-method signature="login()[pri:2, instance:day3.MyFirstTestNGTest2@1b1426f4]" started-at="2022-11-23T16:17:26 IST" name="login" finished-at="2022-11-23T16:17:26 IST" duration-ms="0" status="PASS">
          <reporter-output>
          </reporter-output>
        </test-method> <!-- login -->
      </class> <!-- day3.MyFirstTestNGTest2 -->
    </test> <!-- Smoke -->
    <test started-at="2022-11-23T16:17:26 IST" name="Regression" finished-at="2022-11-23T16:17:27 IST" duration-ms="402">
      <class name="day3.SameTestMultipleTimes">
        <test-method signature="createUser()[pri:0, instance:day3.SameTestMultipleTimes@1de76cc7]" started-at="2022-11-23T16:17:26 IST" name="createUser" finished-at="2022-11-23T16:17:27 IST" duration-ms="155" status="PASS">
          <reporter-output>
          </reporter-output>
        </test-method> <!-- createUser -->
        <test-method signature="createUser()[pri:0, instance:day3.SameTestMultipleTimes@1de76cc7]" started-at="2022-11-23T16:17:27 IST" name="createUser" finished-at="2022-11-23T16:17:27 IST" duration-ms="33" status="PASS">
          <reporter-output>
          </reporter-output>
        </test-method> <!-- createUser -->
        <test-method signature="createUser()[pri:0, instance:day3.SameTestMultipleTimes@1de76cc7]" started-at="2022-11-23T16:17:27 IST" name="createUser" finished-at="2022-11-23T16:17:27 IST" duration-ms="6" status="PASS">
          <reporter-output>
          </reporter-output>
        </test-method> <!-- createUser -->
        <test-method signature="createUser()[pri:0, instance:day3.SameTestMultipleTimes@1de76cc7]" started-at="2022-11-23T16:17:27 IST" name="createUser" finished-at="2022-11-23T16:17:27 IST" duration-ms="32" status="PASS">
          <reporter-output>
          </reporter-output>
        </test-method> <!-- createUser -->
        <test-method signature="createUser()[pri:0, instance:day3.SameTestMultipleTimes@1de76cc7]" started-at="2022-11-23T16:17:27 IST" name="createUser" finished-at="2022-11-23T16:17:27 IST" duration-ms="15" status="PASS">
          <reporter-output>
          </reporter-output>
        </test-method> <!-- createUser -->
        <test-method signature="createUser()[pri:0, instance:day3.SameTestMultipleTimes@1de76cc7]" started-at="2022-11-23T16:17:27 IST" name="createUser" finished-at="2022-11-23T16:17:27 IST" duration-ms="28" status="PASS">
          <reporter-output>
          </reporter-output>
        </test-method> <!-- createUser -->
        <test-method signature="createUser()[pri:0, instance:day3.SameTestMultipleTimes@1de76cc7]" started-at="2022-11-23T16:17:27 IST" name="createUser" finished-at="2022-11-23T16:17:27 IST" duration-ms="24" status="PASS">
          <reporter-output>
          </reporter-output>
        </test-method> <!-- createUser -->
        <test-method signature="createUser()[pri:0, instance:day3.SameTestMultipleTimes@1de76cc7]" started-at="2022-11-23T16:17:27 IST" name="createUser" finished-at="2022-11-23T16:17:27 IST" duration-ms="16" status="PASS">
          <reporter-output>
          </reporter-output>
        </test-method> <!-- createUser -->
        <test-method signature="createUser()[pri:0, instance:day3.SameTestMultipleTimes@1de76cc7]" started-at="2022-11-23T16:17:27 IST" name="createUser" finished-at="2022-11-23T16:17:27 IST" duration-ms="16" status="PASS">
          <reporter-output>
          </reporter-output>
        </test-method> <!-- createUser -->
        <test-method signature="createUser()[pri:0, instance:day3.SameTestMultipleTimes@1de76cc7]" started-at="2022-11-23T16:17:27 IST" name="createUser" finished-at="2022-11-23T16:17:27 IST" duration-ms="15" status="PASS">
          <reporter-output>
          </reporter-output>
        </test-method> <!-- createUser -->
      </class> <!-- day3.SameTestMultipleTimes -->
    </test> <!-- Regression -->
    <test started-at="2022-11-23T16:17:26 IST" name="E2E" finished-at="2022-11-23T16:17:53 IST" duration-ms="26524">
      <class name="day3.AssertionDemo">
        <test-method signature="test2()[pri:0, instance:day3.AssertionDemo@36916eb0]" started-at="2022-11-23T16:17:26 IST" name="test2" finished-at="2022-11-23T16:17:26 IST" duration-ms="0" status="PASS">
          <reporter-output>
          </reporter-output>
        </test-method> <!-- test2 -->
        <test-method signature="test5()[pri:0, instance:day3.AssertionDemo@36916eb0]" started-at="2022-11-23T16:17:26 IST" name="test5" finished-at="2022-11-23T16:17:26 IST" duration-ms="0" status="PASS">
          <reporter-output>
          </reporter-output>
        </test-method> <!-- test5 -->
        <test-method signature="test4()[pri:0, instance:day3.AssertionDemo@36916eb0]" started-at="2022-11-23T16:17:26 IST" name="test4" finished-at="2022-11-23T16:17:26 IST" duration-ms="0" status="PASS">
          <reporter-output>
          </reporter-output>
        </test-method> <!-- test4 -->
        <test-method signature="test1()[pri:0, instance:day3.AssertionDemo@36916eb0]" started-at="2022-11-23T16:17:26 IST" name="test1" finished-at="2022-11-23T16:17:26 IST" duration-ms="0" status="PASS">
          <reporter-output>
          </reporter-output>
        </test-method> <!-- test1 -->
        <test-method signature="test3()[pri:0, instance:day3.AssertionDemo@36916eb0]" started-at="2022-11-23T16:17:26 IST" name="test3" finished-at="2022-11-23T16:17:26 IST" duration-ms="0" status="PASS">
          <reporter-output>
          </reporter-output>
        </test-method> <!-- test3 -->
      </class> <!-- day3.AssertionDemo -->
      <class name="day3.AdditionalAttributes">
        <test-method is-config="true" signature="setup()[pri:0, instance:day3.AdditionalAttributes@54a7079e]" started-at="2022-11-23T16:17:42 IST" name="setup" finished-at="2022-11-23T16:17:46 IST" duration-ms="3518" status="PASS">
          <reporter-output>
          </reporter-output>
        </test-method> <!-- setup -->
        <test-method signature="verifyForgotPasswordLink()[pri:0, instance:day3.AdditionalAttributes@54a7079e]" started-at="2022-11-23T16:17:46 IST" name="verifyForgotPasswordLink" description="This test will just password reset is present or not" finished-at="2022-11-23T16:17:46 IST" duration-ms="30" status="PASS">
          <reporter-output>
          </reporter-output>
        </test-method> <!-- verifyForgotPasswordLink -->
        <test-method is-config="true" signature="tearDown()[pri:0, instance:day3.AdditionalAttributes@54a7079e]" started-at="2022-11-23T16:17:46 IST" name="tearDown" finished-at="2022-11-23T16:17:46 IST" duration-ms="170" status="PASS">
          <reporter-output>
          </reporter-output>
        </test-method> <!-- tearDown -->
        <test-method is-config="true" signature="setup()[pri:0, instance:day3.AdditionalAttributes@54a7079e]" started-at="2022-11-23T16:17:46 IST" name="setup" finished-at="2022-11-23T16:17:49 IST" duration-ms="3388" status="PASS">
          <reporter-output>
          </reporter-output>
        </test-method> <!-- setup -->
        <test-method signature="verifyTitle()[pri:0, instance:day3.AdditionalAttributes@54a7079e]" started-at="2022-11-23T16:17:49 IST" name="verifyTitle" description="This test will just check title is matching or not" finished-at="2022-11-23T16:17:49 IST" duration-ms="8" status="PASS">
          <reporter-output>
          </reporter-output>
        </test-method> <!-- verifyTitle -->
        <test-method is-config="true" signature="tearDown()[pri:0, instance:day3.AdditionalAttributes@54a7079e]" started-at="2022-11-23T16:17:49 IST" name="tearDown" finished-at="2022-11-23T16:17:49 IST" duration-ms="157" status="PASS">
          <reporter-output>
          </reporter-output>
        </test-method> <!-- tearDown -->
        <test-method is-config="true" signature="setup()[pri:0, instance:day3.AdditionalAttributes@54a7079e]" started-at="2022-11-23T16:17:49 IST" name="setup" finished-at="2022-11-23T16:17:53 IST" duration-ms="3450" status="PASS">
          <reporter-output>
          </reporter-output>
        </test-method> <!-- setup -->
        <test-method signature="verifyURL()[pri:0, instance:day3.AdditionalAttributes@54a7079e]" started-at="2022-11-23T16:17:53 IST" name="verifyURL" description="This test will just check url is matching or not" finished-at="2022-11-23T16:17:53 IST" duration-ms="7" status="PASS">
          <reporter-output>
          </reporter-output>
        </test-method> <!-- verifyURL -->
        <test-method is-config="true" signature="tearDown()[pri:0, instance:day3.AdditionalAttributes@54a7079e]" started-at="2022-11-23T16:17:53 IST" name="tearDown" finished-at="2022-11-23T16:17:53 IST" duration-ms="157" status="PASS">
          <reporter-output>
          </reporter-output>
        </test-method> <!-- tearDown -->
      </class> <!-- day3.AdditionalAttributes -->
      <class name="day3.SmokeTest">
        <test-method is-config="true" signature="setup()[pri:0, instance:day3.SmokeTest@1e1a0406]" started-at="2022-11-23T16:17:26 IST" name="setup" finished-at="2022-11-23T16:17:31 IST" duration-ms="4543" status="PASS">
          <reporter-output>
          </reporter-output>
        </test-method> <!-- setup -->
        <test-method signature="verifyForgotPasswordLink()[pri:0, instance:day3.SmokeTest@1e1a0406]" started-at="2022-11-23T16:17:31 IST" name="verifyForgotPasswordLink" finished-at="2022-11-23T16:17:31 IST" duration-ms="40" status="PASS">
          <reporter-output>
          </reporter-output>
        </test-method> <!-- verifyForgotPasswordLink -->
        <test-method is-config="true" signature="tearDown()[pri:0, instance:day3.SmokeTest@1e1a0406]" started-at="2022-11-23T16:17:31 IST" name="tearDown" finished-at="2022-11-23T16:17:31 IST" duration-ms="188" status="PASS">
          <reporter-output>
          </reporter-output>
        </test-method> <!-- tearDown -->
        <test-method is-config="true" signature="setup()[pri:0, instance:day3.SmokeTest@1e1a0406]" started-at="2022-11-23T16:17:31 IST" name="setup" finished-at="2022-11-23T16:17:35 IST" duration-ms="3354" status="PASS">
          <reporter-output>
          </reporter-output>
        </test-method> <!-- setup -->
        <test-method signature="verifySocialMediaCount()[pri:0, instance:day3.SmokeTest@1e1a0406]" started-at="2022-11-23T16:17:35 IST" name="verifySocialMediaCount" finished-at="2022-11-23T16:17:35 IST" duration-ms="29" status="PASS">
          <reporter-output>
          </reporter-output>
        </test-method> <!-- verifySocialMediaCount -->
        <test-method is-config="true" signature="tearDown()[pri:0, instance:day3.SmokeTest@1e1a0406]" started-at="2022-11-23T16:17:35 IST" name="tearDown" finished-at="2022-11-23T16:17:35 IST" duration-ms="184" status="PASS">
          <reporter-output>
          </reporter-output>
        </test-method> <!-- tearDown -->
        <test-method is-config="true" signature="setup()[pri:0, instance:day3.SmokeTest@1e1a0406]" started-at="2022-11-23T16:17:35 IST" name="setup" finished-at="2022-11-23T16:17:38 IST" duration-ms="3585" status="PASS">
          <reporter-output>
          </reporter-output>
        </test-method> <!-- setup -->
        <test-method signature="verifyTitle()[pri:0, instance:day3.SmokeTest@1e1a0406]" started-at="2022-11-23T16:17:38 IST" name="verifyTitle" finished-at="2022-11-23T16:17:38 IST" duration-ms="0" status="PASS">
          <reporter-output>
          </reporter-output>
        </test-method> <!-- verifyTitle -->
        <test-method is-config="true" signature="tearDown()[pri:0, instance:day3.SmokeTest@1e1a0406]" started-at="2022-11-23T16:17:38 IST" name="tearDown" finished-at="2022-11-23T16:17:39 IST" duration-ms="183" status="PASS">
          <reporter-output>
          </reporter-output>
        </test-method> <!-- tearDown -->
        <test-method is-config="true" signature="setup()[pri:0, instance:day3.SmokeTest@1e1a0406]" started-at="2022-11-23T16:17:39 IST" name="setup" finished-at="2022-11-23T16:17:42 IST" duration-ms="3283" status="PASS">
          <reporter-output>
          </reporter-output>
        </test-method> <!-- setup -->
        <test-method signature="verifyURL()[pri:0, instance:day3.SmokeTest@1e1a0406]" started-at="2022-11-23T16:17:42 IST" name="verifyURL" finished-at="2022-11-23T16:17:42 IST" duration-ms="8" status="PASS">
          <reporter-output>
          </reporter-output>
        </test-method> <!-- verifyURL -->
        <test-method is-config="true" signature="tearDown()[pri:0, instance:day3.SmokeTest@1e1a0406]" started-at="2022-11-23T16:17:42 IST" name="tearDown" finished-at="2022-11-23T16:17:42 IST" duration-ms="166" status="PASS">
          <reporter-output>
          </reporter-output>
        </test-method> <!-- tearDown -->
      </class> <!-- day3.SmokeTest -->
    </test> <!-- E2E -->
  </suite> <!-- Sprint Test -->
</testng-results>
