<?xml version="1.0" encoding="UTF-8"?>
<!-- Generated by org.testng.reporters.JUnitXMLReporter -->
<testsuite ignored="1" hostname="Mukeshs-MacBook-Air-2.local" failures="0" tests="12" name="E2E" time="67.071" errors="0" timestamp="2022-11-22T17:07:25 IST">
  <testcase classname="day3.AssertionDemo" name="test1" time="0.017"/>
  <testcase classname="day3.AssertionDemo" name="test2" time="0.005"/>
  <testcase classname="day3.AssertionDemo" name="test3" time="0.015"/>
  <testcase classname="day3.AssertionDemo" name="test4" time="0.009"/>
  <testcase classname="day3.AssertionDemo" name="test5" time="0.005"/>
  <testcase classname="day3.SmokeTest" name="verifyForgotPasswordLink" time="0.168"/>
  <testcase classname="day3.SmokeTest" name="verifySocialMediaCount" time="0.127"/>
  <testcase classname="day3.SmokeTest" name="verifyTitle" time="0.039"/>
  <testcase classname="day3.SmokeTest" name="verifyURL" time="0.037"/>
  <testcase classname="day3.AdditionalAttributes" name="verifyForgotPasswordLink" time="0.154"/>
  <testcase classname="day3.AdditionalAttributes" name="verifyTitle" time="0.036"/>
  <testcase classname="day3.AdditionalAttributes" name="verifyURL" time="0.038"/>
  <testcase classname="day3.AdditionalAttributes" name="verifySocialMediaCount" time="0.0">
    <ignored/>
  </testcase> <!-- verifySocialMediaCount -->
</testsuite> <!-- E2E -->
