<?xml version="1.0" encoding="UTF-8"?>
<!-- Generated by org.testng.reporters.JUnitXMLReporter -->
<testsuite ignored="0" hostname="Mukeshs-MacBook-Air-2.local" failures="0" tests="10" name="Regression" time="0.979" errors="0" timestamp="2022-11-22T17:06:19 IST">
  <testcase classname="day3.SameTestMultipleTimes" name="createUser" time="0.464"/>
  <testcase classname="day3.SameTestMultipleTimes" name="createUser" time="0.114"/>
  <testcase classname="day3.SameTestMultipleTimes" name="createUser" time="0.083"/>
  <testcase classname="day3.SameTestMultipleTimes" name="createUser" time="0.03"/>
  <testcase classname="day3.SameTestMultipleTimes" name="createUser" time="0.023"/>
  <testcase classname="day3.SameTestMultipleTimes" name="createUser" time="0.029"/>
  <testcase classname="day3.SameTestMultipleTimes" name="createUser" time="0.037"/>
  <testcase classname="day3.SameTestMultipleTimes" name="createUser" time="0.025"/>
  <testcase classname="day3.SameTestMultipleTimes" name="createUser" time="0.029"/>
  <testcase classname="day3.SameTestMultipleTimes" name="createUser" time="0.04"/>
</testsuite> <!-- Regression -->
