<?xml version="1.0" encoding="UTF-8"?>
<!-- Generated by org.testng.reporters.JUnitXMLReporter -->
<testsuite ignored="0" hostname="Mukeshs-MacBook-Air-2.local" failures="0" tests="9" name="Smoke" time="0.259" errors="0" timestamp="2022-11-22T17:06:19 IST">
  <testcase classname="day3.MyFirstTestNGTest2" name="createAccount" time="0.016"/>
  <testcase classname="day3.MyFirstTestNGTest2" name="deleteAccount" time="0.008"/>
  <testcase classname="day3.MyFirstTestNGTest3" name="login" time="0.009"/>
  <testcase classname="day3.MyFirstTestNGTest3" name="logOutFromApplication" time="0.002"/>
  <testcase classname="day3.MyFirstTestNGTest" name="test1" time="0.005"/>
  <testcase classname="day3.MyFirstTestNGTest" name="test2" time="0.006"/>
  <testcase classname="day3.MyFirstTestNGTest" name="test3" time="0.002"/>
  <testcase classname="day3.MyFirstTestNGTest2" name="logOutFromApplication" time="0.009"/>
  <testcase classname="day3.MyFirstTestNGTest2" name="login" time="0.01"/>
</testsuite> <!-- Smoke -->
