<?xml version="1.0" encoding="UTF-8"?>
<testng-results ignored="0" total="1" passed="1" failed="0" skipped="0">
  <reporter-output>
  </reporter-output>
  <suite started-at="2022-11-24T16:37:16 IST" name="Default suite" finished-at="2022-11-24T16:37:28 IST" duration-ms="12239">
    <groups>
    </groups>
    <test started-at="2022-11-24T16:37:16 IST" name="Default test" finished-at="2022-11-24T16:37:28 IST" duration-ms="12239">
      <class name="day5.SelectorHubTest">
        <test-method signature="test()[pri:0, instance:day5.SelectorHubTest@2a54a73f]" started-at="2022-11-24T16:37:16 IST" name="test" finished-at="2022-11-24T16:37:28 IST" duration-ms="12196" status="PASS">
          <reporter-output>
          </reporter-output>
        </test-method> <!-- test -->
      </class> <!-- day5.SelectorHubTest -->
    </test> <!-- Default test -->
  </suite> <!-- Default suite -->
</testng-results>
